Arguments: 
  C:\Program Files\nodejs\node.exe C:\Users\hoang\AppData\Roaming\npm\node_modules\yarn\bin\yarn.js

PATH: 
  C:\Python311\Scripts\;C:\Python311\;C:\WINDOWS\system32;C:\WINDOWS;C:\WINDOWS\System32\Wbem;C:\WINDOWS\System32\WindowsPowerShell\v1.0\;C:\WINDOWS\System32\OpenSSH\;C:\Program Files\nodejs\;C:\Program Files\Git\cmd;C:\ProgramData\chocolatey\bin;C:\Program Files\MongoDB\Server\6.0\bin;C:\Program Files\MySQL\MySQL Shell 8.0\bin\;C:\Users\hoang\AppData\Local\Microsoft\WindowsApps;;C:\Users\hoang\AppData\Local\Programs\Microsoft VS Code\bin;E:\storm\WebStorm 2022.2.3\bin;;E:\storm\IntelliJ IDEA Educational Edition 2022.2.2\bin;;E:\storm\PhpStorm 2022.2.3\bin;;E:\storm\IntelliJ IDEA 2022.2.3\bin;;C:\Users\hoang\AppData\Roaming\npm

Yarn version: 
  1.22.19

Node version: 
  18.12.0

Platform: 
  win32 x64

Trace: 
  Error: getaddrinfo ENOTFOUND registry.yarnpkg.com
      at GetAddrInfoReqWrap.onlookup [as oncomplete] (node:dns:107:26)

npm manifest: 
  {
    "name": "back-end",
    "version": "1.0.0",
    "description": "",
    "main": "index.js",
    "type": "module",
    "scripts": {
      "start": "nodemon --inspect src\\index.js",
      "test": "echo \"Error: no test specified\" && exit 1"
    },
    "author": "",
    "license": "ISC",
    "dependencies": {
      "bcrypt": "^5.0.1",
      "body-parser": "^1.20.0",
      "cors": "^2.8.5",
      "dotenv": "^16.0.2",
      "express": "^4.18.1",
      "jsonwebtoken": "^8.5.1",
      "mongoose": "^6.6.0",
      "nodemon": "^2.0.19"
    }
  }

yarn manifest: 
  No manifest

Lockfile: 
  No lockfile
